<?xml version="1.0" encoding="UTF-8"?>
<testng-results ignored="0" total="1" passed="1" failed="0" skipped="0">
  <reporter-output>
  </reporter-output>
  <suite started-at="2019-09-10T13:38:08Z" name="Default suite" finished-at="2019-09-10T13:38:21Z" duration-ms="13352">
    <groups>
    </groups>
    <test started-at="2019-09-10T13:38:08Z" name="Default test" finished-at="2019-09-10T13:38:21Z" duration-ms="13352">
      <class name="handlingDropdown.AutoSuggestiveDropdowns">
        <test-method signature="autoSuggestiveDropdowns()[pri:0, instance:handlingDropdown.AutoSuggestiveDropdowns@2fc6f97f]" started-at="2019-09-10T09:38:08Z" name="autoSuggestiveDropdowns" finished-at="2019-09-10T09:38:21Z" duration-ms="13335" status="PASS">
          <reporter-output>
          </reporter-output>
        </test-method> <!-- autoSuggestiveDropdowns -->
      </class> <!-- handlingDropdown.AutoSuggestiveDropdowns -->
    </test> <!-- Default test -->
  </suite> <!-- Default suite -->
</testng-results>
